<?xml version="1.0" encoding="UTF-8"?>
<testsuite xmlns:xsi="http://www.w3.org/2001/XMLSchema-instance" xsi:noNamespaceSchemaLocation="https://maven.apache.org/surefire/maven-surefire-plugin/xsd/surefire-test-report.xsd" name="com.autummm.dao.BaseTest" time="0.023" tests="1" errors="0" skipped="0" failures="0">
  <properties>
    <property name="sun.desktop" value="windows"/>
    <property name="awt.toolkit" value="sun.awt.windows.WToolkit"/>
    <property name="file.encoding.pkg" value="sun.io"/>
    <property name="java.specification.version" value="1.8"/>
    <property name="sun.cpu.isalist" value="amd64"/>
    <property name="sun.jnu.encoding" value="GBK"/>
    <property name="java.class.path" value="C:\Users\Runner\Desktop\Shops\target\test-classes;C:\Users\Runner\Desktop\Shops\target\classes;C:\Users\Runner\.m2\repository\junit\junit\4.12\junit-4.12.jar;C:\Users\Runner\.m2\repository\org\hamcrest\hamcrest-core\1.3\hamcrest-core-1.3.jar;C:\Users\Runner\.m2\repository\ch\qos\logback\logback-classic\1.2.1\logback-classic-1.2.1.jar;C:\Users\Runner\.m2\repository\ch\qos\logback\logback-core\1.2.1\logback-core-1.2.1.jar;C:\Users\Runner\.m2\repository\org\slf4j\slf4j-api\1.7.22\slf4j-api-1.7.22.jar;C:\Users\Runner\.m2\repository\mysql\mysql-connector-java\5.1.43\mysql-connector-java-5.1.43.jar;C:\Users\Runner\.m2\repository\c3p0\c3p0\0.9.1.2\c3p0-0.9.1.2.jar;C:\Users\Runner\.m2\repository\org\mybatis\mybatis\3.4.2\mybatis-3.4.2.jar;C:\Users\Runner\.m2\repository\org\mybatis\mybatis-spring\1.3.1\mybatis-spring-1.3.1.jar;C:\Users\Runner\.m2\repository\taglibs\standard\1.1.2\standard-1.1.2.jar;C:\Users\Runner\.m2\repository\jstl\jstl\1.2\jstl-1.2.jar;C:\Users\Runner\.m2\repository\com\fasterxml\jackson\core\jackson-databind\2.8.7\jackson-databind-2.8.7.jar;C:\Users\Runner\.m2\repository\com\fasterxml\jackson\core\jackson-annotations\2.8.0\jackson-annotations-2.8.0.jar;C:\Users\Runner\.m2\repository\com\fasterxml\jackson\core\jackson-core\2.8.7\jackson-core-2.8.7.jar;C:\Users\Runner\.m2\repository\javax\servlet\javax.servlet-api\3.1.0\javax.servlet-api-3.1.0.jar;C:\Users\Runner\.m2\repository\org\springframework\spring-core\4.3.7.RELEASE\spring-core-4.3.7.RELEASE.jar;C:\Users\Runner\.m2\repository\commons-logging\commons-logging\1.2\commons-logging-1.2.jar;C:\Users\Runner\.m2\repository\org\springframework\spring-beans\4.3.7.RELEASE\spring-beans-4.3.7.RELEASE.jar;C:\Users\Runner\.m2\repository\org\springframework\spring-context\4.3.7.RELEASE\spring-context-4.3.7.RELEASE.jar;C:\Users\Runner\.m2\repository\org\springframework\spring-aop\4.3.7.RELEASE\spring-aop-4.3.7.RELEASE.jar;C:\Users\Runner\.m2\repository\org\springframework\spring-expression\4.3.7.RELEASE\spring-expression-4.3.7.RELEASE.jar;C:\Users\Runner\.m2\repository\org\springframework\spring-jdbc\4.3.7.RELEASE\spring-jdbc-4.3.7.RELEASE.jar;C:\Users\Runner\.m2\repository\org\springframework\spring-tx\4.3.7.RELEASE\spring-tx-4.3.7.RELEASE.jar;C:\Users\Runner\.m2\repository\org\springframework\spring-web\4.3.7.RELEASE\spring-web-4.3.7.RELEASE.jar;C:\Users\Runner\.m2\repository\org\springframework\spring-webmvc\4.3.7.RELEASE\spring-webmvc-4.3.7.RELEASE.jar;C:\Users\Runner\.m2\repository\org\springframework\spring-test\4.3.7.RELEASE\spring-test-4.3.7.RELEASE.jar;C:\Users\Runner\.m2\repository\redis\clients\jedis\2.9.0\jedis-2.9.0.jar;C:\Users\Runner\.m2\repository\org\apache\commons\commons-pool2\2.4.2\commons-pool2-2.4.2.jar;C:\Users\Runner\.m2\repository\com\dyuproject\protostuff\protostuff-core\1.0.12\protostuff-core-1.0.12.jar;C:\Users\Runner\.m2\repository\com\dyuproject\protostuff\protostuff-api\1.0.12\protostuff-api-1.0.12.jar;C:\Users\Runner\.m2\repository\com\dyuproject\protostuff\protostuff-runtime\1.0.12\protostuff-runtime-1.0.12.jar;C:\Users\Runner\.m2\repository\com\dyuproject\protostuff\protostuff-collectionschema\1.0.12\protostuff-collectionschema-1.0.12.jar;C:\Users\Runner\.m2\repository\commons-collections\commons-collections\3.2\commons-collections-3.2.jar;C:\Users\Runner\.m2\repository\net\coobird\thumbnailator\0.4.8\thumbnailator-0.4.8.jar;C:\Users\Runner\.m2\repository\com\github\penggle\kaptcha\2.3.2\kaptcha-2.3.2.jar;C:\Users\Runner\.m2\repository\com\jhlabs\filters\2.0.235-1\filters-2.0.235-1.jar;C:\Users\Runner\.m2\repository\commons-fileupload\commons-fileupload\1.3.2\commons-fileupload-1.3.2.jar;C:\Users\Runner\.m2\repository\commons-io\commons-io\2.2\commons-io-2.2.jar;C:\Users\Runner\.m2\repository\net\sf\json-lib\json-lib\2.4\json-lib-2.4-jdk15.jar;C:\Users\Runner\.m2\repository\commons-beanutils\commons-beanutils\1.8.0\commons-beanutils-1.8.0.jar;C:\Users\Runner\.m2\repository\commons-lang\commons-lang\2.5\commons-lang-2.5.jar;C:\Users\Runner\.m2\repository\net\sf\ezmorph\ezmorph\1.0.6\ezmorph-1.0.6.jar;C:\Users\Runner\.m2\repository\com\thoughtworks\xstream\xstream\1.4.9\xstream-1.4.9.jar;C:\Users\Runner\.m2\repository\xmlpull\xmlpull\1.1.3.1\xmlpull-1.1.3.1.jar;C:\Users\Runner\.m2\repository\xpp3\xpp3_min\1.1.4c\xpp3_min-1.1.4c.jar;C:\Users\Runner\.m2\repository\org\dom4j\dom4j\2.0.0\dom4j-2.0.0.jar;C:\Users\Runner\.m2\repository\jaxen\jaxen\1.1.6\jaxen-1.1.6.jar;C:\Users\Runner\.m2\repository\com\google\zxing\javase\3.3.0\javase-3.3.0.jar;C:\Users\Runner\.m2\repository\com\google\zxing\core\3.3.0\core-3.3.0.jar;C:\Users\Runner\.m2\repository\com\beust\jcommander\1.48\jcommander-1.48.jar;C:\Users\Runner\.m2\repository\com\github\jai-imageio\jai-imageio-core\1.3.1\jai-imageio-core-1.3.1.jar;"/>
    <property name="java.vm.vendor" value="Oracle Corporation"/>
    <property name="sun.arch.data.model" value="64"/>
    <property name="user.variant" value=""/>
    <property name="java.vendor.url" value="http://java.oracle.com/"/>
    <property name="user.timezone" value="Asia/Shanghai"/>
    <property name="java.vm.specification.version" value="1.8"/>
    <property name="os.name" value="Windows 10"/>
    <property name="user.country" value="CN"/>
    <property name="sun.java.launcher" value="SUN_STANDARD"/>
    <property name="sun.boot.library.path" value="D:\Java\jdk1.8.0\jre\bin"/>
    <property name="sun.java.command" value="C:\Users\Runner\AppData\Local\Temp\surefire1985488752708627922\surefirebooter4491552026032505478.jar C:\Users\Runner\AppData\Local\Temp\surefire1985488752708627922 2021-01-18T13-51-11_304-jvmRun1 surefire851205907215191467tmp surefire_05453790743533900497tmp"/>
    <property name="surefire.test.class.path" value="C:\Users\Runner\Desktop\Shops\target\test-classes;C:\Users\Runner\Desktop\Shops\target\classes;C:\Users\Runner\.m2\repository\junit\junit\4.12\junit-4.12.jar;C:\Users\Runner\.m2\repository\org\hamcrest\hamcrest-core\1.3\hamcrest-core-1.3.jar;C:\Users\Runner\.m2\repository\ch\qos\logback\logback-classic\1.2.1\logback-classic-1.2.1.jar;C:\Users\Runner\.m2\repository\ch\qos\logback\logback-core\1.2.1\logback-core-1.2.1.jar;C:\Users\Runner\.m2\repository\org\slf4j\slf4j-api\1.7.22\slf4j-api-1.7.22.jar;C:\Users\Runner\.m2\repository\mysql\mysql-connector-java\5.1.43\mysql-connector-java-5.1.43.jar;C:\Users\Runner\.m2\repository\c3p0\c3p0\0.9.1.2\c3p0-0.9.1.2.jar;C:\Users\Runner\.m2\repository\org\mybatis\mybatis\3.4.2\mybatis-3.4.2.jar;C:\Users\Runner\.m2\repository\org\mybatis\mybatis-spring\1.3.1\mybatis-spring-1.3.1.jar;C:\Users\Runner\.m2\repository\taglibs\standard\1.1.2\standard-1.1.2.jar;C:\Users\Runner\.m2\repository\jstl\jstl\1.2\jstl-1.2.jar;C:\Users\Runner\.m2\repository\com\fasterxml\jackson\core\jackson-databind\2.8.7\jackson-databind-2.8.7.jar;C:\Users\Runner\.m2\repository\com\fasterxml\jackson\core\jackson-annotations\2.8.0\jackson-annotations-2.8.0.jar;C:\Users\Runner\.m2\repository\com\fasterxml\jackson\core\jackson-core\2.8.7\jackson-core-2.8.7.jar;C:\Users\Runner\.m2\repository\javax\servlet\javax.servlet-api\3.1.0\javax.servlet-api-3.1.0.jar;C:\Users\Runner\.m2\repository\org\springframework\spring-core\4.3.7.RELEASE\spring-core-4.3.7.RELEASE.jar;C:\Users\Runner\.m2\repository\commons-logging\commons-logging\1.2\commons-logging-1.2.jar;C:\Users\Runner\.m2\repository\org\springframework\spring-beans\4.3.7.RELEASE\spring-beans-4.3.7.RELEASE.jar;C:\Users\Runner\.m2\repository\org\springframework\spring-context\4.3.7.RELEASE\spring-context-4.3.7.RELEASE.jar;C:\Users\Runner\.m2\repository\org\springframework\spring-aop\4.3.7.RELEASE\spring-aop-4.3.7.RELEASE.jar;C:\Users\Runner\.m2\repository\org\springframework\spring-expression\4.3.7.RELEASE\spring-expression-4.3.7.RELEASE.jar;C:\Users\Runner\.m2\repository\org\springframework\spring-jdbc\4.3.7.RELEASE\spring-jdbc-4.3.7.RELEASE.jar;C:\Users\Runner\.m2\repository\org\springframework\spring-tx\4.3.7.RELEASE\spring-tx-4.3.7.RELEASE.jar;C:\Users\Runner\.m2\repository\org\springframework\spring-web\4.3.7.RELEASE\spring-web-4.3.7.RELEASE.jar;C:\Users\Runner\.m2\repository\org\springframework\spring-webmvc\4.3.7.RELEASE\spring-webmvc-4.3.7.RELEASE.jar;C:\Users\Runner\.m2\repository\org\springframework\spring-test\4.3.7.RELEASE\spring-test-4.3.7.RELEASE.jar;C:\Users\Runner\.m2\repository\redis\clients\jedis\2.9.0\jedis-2.9.0.jar;C:\Users\Runner\.m2\repository\org\apache\commons\commons-pool2\2.4.2\commons-pool2-2.4.2.jar;C:\Users\Runner\.m2\repository\com\dyuproject\protostuff\protostuff-core\1.0.12\protostuff-core-1.0.12.jar;C:\Users\Runner\.m2\repository\com\dyuproject\protostuff\protostuff-api\1.0.12\protostuff-api-1.0.12.jar;C:\Users\Runner\.m2\repository\com\dyuproject\protostuff\protostuff-runtime\1.0.12\protostuff-runtime-1.0.12.jar;C:\Users\Runner\.m2\repository\com\dyuproject\protostuff\protostuff-collectionschema\1.0.12\protostuff-collectionschema-1.0.12.jar;C:\Users\Runner\.m2\repository\commons-collections\commons-collections\3.2\commons-collections-3.2.jar;C:\Users\Runner\.m2\repository\net\coobird\thumbnailator\0.4.8\thumbnailator-0.4.8.jar;C:\Users\Runner\.m2\repository\com\github\penggle\kaptcha\2.3.2\kaptcha-2.3.2.jar;C:\Users\Runner\.m2\repository\com\jhlabs\filters\2.0.235-1\filters-2.0.235-1.jar;C:\Users\Runner\.m2\repository\commons-fileupload\commons-fileupload\1.3.2\commons-fileupload-1.3.2.jar;C:\Users\Runner\.m2\repository\commons-io\commons-io\2.2\commons-io-2.2.jar;C:\Users\Runner\.m2\repository\net\sf\json-lib\json-lib\2.4\json-lib-2.4-jdk15.jar;C:\Users\Runner\.m2\repository\commons-beanutils\commons-beanutils\1.8.0\commons-beanutils-1.8.0.jar;C:\Users\Runner\.m2\repository\commons-lang\commons-lang\2.5\commons-lang-2.5.jar;C:\Users\Runner\.m2\repository\net\sf\ezmorph\ezmorph\1.0.6\ezmorph-1.0.6.jar;C:\Users\Runner\.m2\repository\com\thoughtworks\xstream\xstream\1.4.9\xstream-1.4.9.jar;C:\Users\Runner\.m2\repository\xmlpull\xmlpull\1.1.3.1\xmlpull-1.1.3.1.jar;C:\Users\Runner\.m2\repository\xpp3\xpp3_min\1.1.4c\xpp3_min-1.1.4c.jar;C:\Users\Runner\.m2\repository\org\dom4j\dom4j\2.0.0\dom4j-2.0.0.jar;C:\Users\Runner\.m2\repository\jaxen\jaxen\1.1.6\jaxen-1.1.6.jar;C:\Users\Runner\.m2\repository\com\google\zxing\javase\3.3.0\javase-3.3.0.jar;C:\Users\Runner\.m2\repository\com\google\zxing\core\3.3.0\core-3.3.0.jar;C:\Users\Runner\.m2\repository\com\beust\jcommander\1.48\jcommander-1.48.jar;C:\Users\Runner\.m2\repository\com\github\jai-imageio\jai-imageio-core\1.3.1\jai-imageio-core-1.3.1.jar;"/>
    <property name="sun.cpu.endian" value="little"/>
    <property name="user.home" value="C:\Users\Runner"/>
    <property name="user.language" value="zh"/>
    <property name="java.specification.vendor" value="Oracle Corporation"/>
    <property name="java.home" value="D:\Java\jdk1.8.0\jre"/>
    <property name="basedir" value="C:\Users\Runner\Desktop\Shops"/>
    <property name="file.separator" value="\"/>
    <property name="line.separator" value="&#10;"/>
    <property name="java.vm.specification.vendor" value="Oracle Corporation"/>
    <property name="java.specification.name" value="Java Platform API Specification"/>
    <property name="java.awt.graphicsenv" value="sun.awt.Win32GraphicsEnvironment"/>
    <property name="surefire.real.class.path" value="C:\Users\Runner\AppData\Local\Temp\surefire1985488752708627922\surefirebooter4491552026032505478.jar"/>
    <property name="sun.boot.class.path" value="D:\Java\jdk1.8.0\jre\lib\resources.jar;D:\Java\jdk1.8.0\jre\lib\rt.jar;D:\Java\jdk1.8.0\jre\lib\sunrsasign.jar;D:\Java\jdk1.8.0\jre\lib\jsse.jar;D:\Java\jdk1.8.0\jre\lib\jce.jar;D:\Java\jdk1.8.0\jre\lib\charsets.jar;D:\Java\jdk1.8.0\jre\lib\jfr.jar;D:\Java\jdk1.8.0\jre\classes"/>
    <property name="user.script" value=""/>
    <property name="sun.management.compiler" value="HotSpot 64-Bit Tiered Compilers"/>
    <property name="java.runtime.version" value="1.8.0_181-b13"/>
    <property name="user.name" value="iRunner"/>
    <property name="path.separator" value=";"/>
    <property name="os.version" value="10.0"/>
    <property name="java.endorsed.dirs" value="D:\Java\jdk1.8.0\jre\lib\endorsed"/>
    <property name="java.runtime.name" value="Java(TM) SE Runtime Environment"/>
    <property name="file.encoding" value="GBK"/>
    <property name="java.vm.name" value="Java HotSpot(TM) 64-Bit Server VM"/>
    <property name="localRepository" value="C:\Users\Runner\.m2\repository"/>
    <property name="java.vendor.url.bug" value="http://bugreport.sun.com/bugreport/"/>
    <property name="java.io.tmpdir" value="C:\Users\Runner\AppData\Local\Temp\"/>
    <property name="idea.version" value="2020.3.1"/>
    <property name="java.version" value="1.8.0_181"/>
    <property name="user.dir" value="C:\Users\Runner\Desktop\Shops"/>
    <property name="os.arch" value="amd64"/>
    <property name="java.vm.specification.name" value="Java Virtual Machine Specification"/>
    <property name="java.awt.printerjob" value="sun.awt.windows.WPrinterJob"/>
    <property name="sun.os.patch.level" value=""/>
    <property name="java.library.path" value="D:\Java\jdk1.8.0\jre\bin;C:\windows\Sun\Java\bin;C:\windows\system32;C:\windows;D:\Xftp 6\;D:\Xshell 6\;D:\oracle\app\orcl\product\12.1.0\dbhome_1\bin;C:\Program Files (x86)\Common Files\Oracle\Java\javapath;C:\windows\system32;C:\windows;C:\windows\System32\Wbem;C:\windows\System32\WindowsPowerShell\v1.0\;C:\windows\System32\OpenSSH\;D:\Java\jdk1.8.0\jre\bin;D:\mysql-5.7.23-winx64\bin;D:\Maven\bin;D:\Java\jdk1.8.0\bin;D:\TortoiseSVN\bin;C:\Program Files\MySQL\MySQL Utilities 1.6\;C:\Users\Runner\AppData\Local\Programs\Python\Python37\Scripts\;C:\Users\Runner\AppData\Local\Programs\Python\Python37\;C:\Users\Runner\AppData\Local\Microsoft\WindowsApps;C:\Users\Runner\AppData\Local\BypassRuntm;."/>
    <property name="java.vm.info" value="mixed mode"/>
    <property name="java.vendor" value="Oracle Corporation"/>
    <property name="java.vm.version" value="25.181-b13"/>
    <property name="java.ext.dirs" value="D:\Java\jdk1.8.0\jre\lib\ext;C:\windows\Sun\Java\lib\ext"/>
    <property name="sun.io.unicode.encoding" value="UnicodeLittle"/>
    <property name="java.class.version" value="52.0"/>
  </properties>
  <testcase name="testGetAreaList" classname="com.autummm.dao.BaseTest" time="0.005"/>
</testsuite>